<?xml version="1.0" encoding="UTF-8"?>
<testng-results skipped="0" failed="0" total="2" passed="2">
  <reporter-output>
  </reporter-output>
  <suite name="Default suite" duration-ms="5730" started-at="2016-01-11T09:00:48Z" finished-at="2016-01-11T09:00:53Z">
    <groups>
    </groups>
    <test name="Default test" duration-ms="5730" started-at="2016-01-11T09:00:48Z" finished-at="2016-01-11T09:00:53Z">
      <class name="com.zizaike.open.service.httpUrlConnectionTest">
        <test-method status="PASS" signature="springTestContextBeforeTestClass()[pri:0, instance:com.zizaike.open.service.httpUrlConnectionTest@26f6d704]" name="springTestContextBeforeTestClass" is-config="true" duration-ms="8" started-at="2016-01-11T17:00:48Z" finished-at="2016-01-11T17:00:48Z">
          <reporter-output>
          </reporter-output>
        </test-method> <!-- springTestContextBeforeTestClass -->
        <test-method status="PASS" signature="springTestContextPrepareTestInstance()[pri:0, instance:com.zizaike.open.service.httpUrlConnectionTest@26f6d704]" name="springTestContextPrepareTestInstance" is-config="true" duration-ms="5451" started-at="2016-01-11T17:00:48Z" depends-on-methods="org.springframework.test.context.testng.AbstractTestNGSpringContextTests.springTestContextBeforeTestClass" finished-at="2016-01-11T17:00:53Z">
          <reporter-output>
          </reporter-output>
        </test-method> <!-- springTestContextPrepareTestInstance -->
        <test-method status="PASS" signature="springTestContextBeforeTestMethod(java.lang.reflect.Method)[pri:0, instance:com.zizaike.open.service.httpUrlConnectionTest@26f6d704]" name="springTestContextBeforeTestMethod" is-config="true" duration-ms="1" started-at="2016-01-11T17:00:53Z" finished-at="2016-01-11T17:00:53Z">
          <params>
            <param index="0">
              <value>
                <![CDATA[public void com.zizaike.open.service.httpUrlConnectionTest.checkMember()]]>
              </value>
            </param>
          </params>
          <reporter-output>
          </reporter-output>
        </test-method> <!-- springTestContextBeforeTestMethod -->
        <test-method status="PASS" signature="checkMember()[pri:0, instance:com.zizaike.open.service.httpUrlConnectionTest@26f6d704]" name="checkMember" duration-ms="216" started-at="2016-01-11T17:00:53Z" description="大宁查询会员信息" finished-at="2016-01-11T17:00:53Z">
          <reporter-output>
          </reporter-output>
        </test-method> <!-- checkMember -->
        <test-method status="PASS" signature="springTestContextAfterTestMethod(java.lang.reflect.Method)[pri:0, instance:com.zizaike.open.service.httpUrlConnectionTest@26f6d704]" name="springTestContextAfterTestMethod" is-config="true" duration-ms="3" started-at="2016-01-11T17:00:53Z" finished-at="2016-01-11T17:00:53Z">
          <params>
            <param index="0">
              <value>
                <![CDATA[public void com.zizaike.open.service.httpUrlConnectionTest.checkMember()]]>
              </value>
            </param>
          </params>
          <reporter-output>
          </reporter-output>
        </test-method> <!-- springTestContextAfterTestMethod -->
        <test-method status="PASS" signature="springTestContextBeforeTestMethod(java.lang.reflect.Method)[pri:0, instance:com.zizaike.open.service.httpUrlConnectionTest@26f6d704]" name="springTestContextBeforeTestMethod" is-config="true" duration-ms="0" started-at="2016-01-11T17:00:53Z" finished-at="2016-01-11T17:00:53Z">
          <params>
            <param index="0">
              <value>
                <![CDATA[public void com.zizaike.open.service.httpUrlConnectionTest.xmlSender() throws com.zizaike.core.framework.exception.ZZKServiceException,java.net.MalformedURLException]]>
              </value>
            </param>
          </params>
          <reporter-output>
          </reporter-output>
        </test-method> <!-- springTestContextBeforeTestMethod -->
        <test-method status="PASS" signature="xmlSender()[pri:0, instance:com.zizaike.open.service.httpUrlConnectionTest@26f6d704]" name="xmlSender" duration-ms="35" started-at="2016-01-11T17:00:53Z" description="httpUrl" finished-at="2016-01-11T17:00:53Z">
          <reporter-output>
          </reporter-output>
        </test-method> <!-- xmlSender -->
        <test-method status="PASS" signature="springTestContextAfterTestMethod(java.lang.reflect.Method)[pri:0, instance:com.zizaike.open.service.httpUrlConnectionTest@26f6d704]" name="springTestContextAfterTestMethod" is-config="true" duration-ms="0" started-at="2016-01-11T17:00:53Z" finished-at="2016-01-11T17:00:53Z">
          <params>
            <param index="0">
              <value>
                <![CDATA[public void com.zizaike.open.service.httpUrlConnectionTest.xmlSender() throws com.zizaike.core.framework.exception.ZZKServiceException,java.net.MalformedURLException]]>
              </value>
            </param>
          </params>
          <reporter-output>
          </reporter-output>
        </test-method> <!-- springTestContextAfterTestMethod -->
        <test-method status="PASS" signature="springTestContextAfterTestClass()[pri:0, instance:com.zizaike.open.service.httpUrlConnectionTest@26f6d704]" name="springTestContextAfterTestClass" is-config="true" duration-ms="0" started-at="2016-01-11T17:00:53Z" finished-at="2016-01-11T17:00:53Z">
          <reporter-output>
          </reporter-output>
        </test-method> <!-- springTestContextAfterTestClass -->
      </class> <!-- com.zizaike.open.service.httpUrlConnectionTest -->
    </test> <!-- Default test -->
  </suite> <!-- Default suite -->
</testng-results>
